[2019-03-20T09:32:31.697] [INFO] MAIN - I have successfully logged into: NiniteBot,Degenates Den
[2019-03-20T09:32:38.581] [INFO] MAIN - [ninitebot-testing]:Thomas the Tank Engine#0001 - !info
[2019-03-20T09:32:38.587] [INFO] Info-CMD - Thomas the Tank Engine#0001 has ran the !info command on guild NiniteBot
[2019-03-20T09:32:38.587] [DEBUG] Info-CMD - 3
[2019-03-20T09:32:38.588] [DEBUG] Info-CMD - https://www.youtube.com/watch?v=SQoA_wjmE9w
[2019-03-20T09:32:38.773] [INFO] MAIN - [ninitebot-testing]:NiniteBot#3389 - 
[2019-03-31T14:17:33.512] [INFO] MAIN - I have successfully logged into: NiniteBot
[2019-03-31T14:18:09.208] [INFO] MAIN - [ninitebot-testing]:NiniteGamer#6666 - !johnny
[2019-03-31T14:18:09.216] [INFO] Johnny_CMD - NiniteGamer#6666 has ran the !johnny command on guild NiniteBot
[2019-03-31T14:18:09.604] [INFO] MAIN - [ninitebot-testing]:NiniteBot#3389 - My lord and savior
[2019-03-31T14:18:26.311] [INFO] MAIN - [ninitebot-testing]:NiniteGamer#6666 - !dan
[2019-03-31T14:18:26.323] [INFO] Default - NiniteGamer#6666 has ran the !dan command on guild NiniteBot
[2019-03-31T14:18:26.839] [INFO] MAIN - [ninitebot-testing]:NiniteBot#3389 - Daniel is the worst human being, and his memes are old
[2019-03-31T14:18:36.217] [INFO] MAIN - [ninitebot-testing]:NiniteGamer#6666 - !dan
[2019-03-31T14:18:36.225] [INFO] Default - NiniteGamer#6666 has ran the !dan command on guild NiniteBot
[2019-03-31T14:18:36.796] [INFO] MAIN - [ninitebot-testing]:NiniteBot#3389 - Daniel is the worst human being, and his memes are old
[2019-03-31T14:21:05.164] [INFO] MAIN - [ninitebot-testing]:NiniteGamer#6666 - !ascii help
[2019-03-31T14:21:05.671] [INFO] Ascii_CMD - NiniteGamer#6666 has ran the !ascii with the args of help on guild NiniteBot
[2019-03-31T14:21:06.058] [INFO] MAIN - [ninitebot-testing]:NiniteBot#3389 - ```md
 _            _        
| |          | |       
| |__    ___ | | _ __  
| '_ \  / _ \| || '_ \ 
| | | ||  __/| || |_) |
|_| |_| \___||_|| .__/ 
                | |    
                |_|
```
