[2019-03-20T09:21:07.018] [INFO] MAIN - I have successfully logged into: NiniteBot,Degenates Den
[2019-03-20T09:21:18.386] [INFO] MAIN - [ninitebot-testing]:Thomas the Tank Engine#0001 - !help
[2019-03-20T09:21:18.390] [INFO] Help_CMD - The help command has been ran!
[2019-03-20T09:21:21.734] [INFO] MAIN - [undefined]:NiniteBot#3389 - 
[2019-03-20T09:21:55.099] [INFO] MAIN - [ninitebot-testing]:Thomas the Tank Engine#0001 - !ninitebot
[2019-03-20T09:21:55.101] [INFO] Ninitebot_CMD - Thomas the Tank Engine#0001 has ran the !ninitebot command on guild NiniteBot
[2019-03-20T09:21:55.296] [INFO] MAIN - [ninitebot-testing]:NiniteBot#3389 - You called, you can type !help for all available commands, My current version is 0.9.0
[2019-03-20T09:22:00.855] [INFO] MAIN - [ninitebot-testing]:Thomas the Tank Engine#0001 - !info
[2019-03-20T09:22:00.857] [INFO] Info-CMD - Thomas the Tank Engine#0001 has ran the !info command on guild NiniteBot
[2019-03-20T09:22:00.857] [DEBUG] Info-CMD - 3
[2019-03-20T09:22:00.857] [DEBUG] Info-CMD - https://www.youtube.com/watch?v=dQw4w9WgXcQ
[2019-03-31T12:48:38.117] [INFO] MAIN - I have successfully logged into: NiniteBot
[2019-03-31T12:48:43.387] [INFO] MAIN - [undefined]:NiniteGamer#6666 - !test
[2019-03-31T12:48:43.736] [INFO] MAIN - [undefined]:NiniteBot#3389 - Sorry my owner doesn't allow me to talk in the dms :(
[2019-03-31T12:49:13.233] [INFO] MAIN - [ninitebot-testing]:NiniteGamer#6666 - !reload help
[2019-03-31T12:49:13.256] [INFO] Reload-CMD - NiniteGamer#6666 has used the !reload command with the args of help
[2019-03-31T12:49:13.611] [INFO] MAIN - [ninitebot-testing]:NiniteBot#3389 - Succesfully reloaded command: help
[2019-03-31T12:49:16.511] [INFO] MAIN - [ninitebot-testing]:NiniteGamer#6666 - !help
[2019-03-31T12:49:16.513] [INFO] Help_CMD - The help command has been ran${PREFIX}
[2019-03-31T12:49:16.513] [INFO] Help_CMD - Member: undefined has the kick_members permission true
[2019-03-31T12:49:16.852] [INFO] MAIN - [undefined]:NiniteBot#3389 - 
[2019-03-31T12:53:25.075] [INFO] MAIN - [ninitebot-testing]:NiniteGamer#6666 - !reload help
[2019-03-31T12:53:25.077] [INFO] Reload-CMD - NiniteGamer#6666 has used the !reload command with the args of help
[2019-03-31T12:53:25.560] [INFO] MAIN - [ninitebot-testing]:NiniteBot#3389 - Succesfully reloaded command: help
[2019-03-31T12:53:26.074] [INFO] MAIN - [ninitebot-testing]:NiniteBot#3389 - <@159412988539830272>, You've leveled up to level **2**! Ain't that dandy?
[2019-03-31T12:53:29.100] [INFO] MAIN - [ninitebot-testing]:NiniteGamer#6666 - 😃
[2019-03-31T12:53:32.980] [INFO] MAIN - [ninitebot-testing]:NiniteGamer#6666 - !poits
[2019-03-31T12:53:32.985] [ERROR] MAIN - Error: Cannot find module './commands/poits.js'
    at Function.Module._resolveFilename (internal/modules/cjs/loader.js:582:15)
    at Function.Module._load (internal/modules/cjs/loader.js:508:25)
    at Module.require (internal/modules/cjs/loader.js:637:17)
    at require (internal/modules/cjs/helpers.js:22:18)
    at Client.client.on (C:\Users\theni\Desktop\NinitebotDiscord-master\NinitebotDiscord-master\app.js:114:27)
    at Client.emit (events.js:189:13)
    at MessageCreateHandler.handle (C:\Users\theni\Desktop\NinitebotDiscord-master\node_modules\discord.js\src\client\websocket\packets\handlers\MessageCreate.js:9:34)
    at WebSocketPacketManager.handle (C:\Users\theni\Desktop\NinitebotDiscord-master\node_modules\discord.js\src\client\websocket\packets\WebSocketPacketManager.js:103:65)
    at WebSocketConnection.onPacket (C:\Users\theni\Desktop\NinitebotDiscord-master\node_modules\discord.js\src\client\websocket\WebSocketConnection.js:333:35)
    at WebSocketConnection.onMessage (C:\Users\theni\Desktop\NinitebotDiscord-master\node_modules\discord.js\src\client\websocket\WebSocketConnection.js:296:17)
[2019-03-31T12:53:34.693] [INFO] MAIN - [ninitebot-testing]:NiniteGamer#6666 - !points
[2019-03-31T12:53:34.699] [INFO] Points_CMD - NiniteGamer#6666 has ran the !points command on guild NiniteBot
[2019-03-31T12:53:37.115] [INFO] MAIN - [ninitebot-testing]:NiniteBot#3389 - <@159412988539830272>, you currently have 402 points, good going!
[2019-03-31T12:53:52.891] [INFO] MAIN - [ninitebot-testing]:NiniteGamer#6666 - !ascii Hey JJ
[2019-03-31T12:53:53.189] [INFO] Ascii_CMD - NiniteGamer#6666 has ran the !ascii with the args of Hey on guild NiniteBot
[2019-03-31T12:53:53.618] [INFO] MAIN - [ninitebot-testing]:NiniteBot#3389 - ```md
 _   _                  ___    ___ 
| | | |                |_  |  |_  |
| |_| |  ___  _   _      | |    | |
|  _  | / _ \| | | |     | |    | |
| | | ||  __/| |_| | /\__/ //\__/ /
\_| |_/ \___| \__, | \____/ \____/ 
               __/ |               
              |___/
```
[2019-03-31T12:54:15.599] [INFO] MAIN - [ninitebot-testing]:NiniteGamer#6666 - !play Hello
[2019-03-31T12:54:15.771] [INFO] Play_CMD - NiniteGamer#6666 has ran the !play command on guild NiniteBot, with the args of Hello
[2019-03-31T12:54:15.771] [DEBUG] Play_CMD - **DEBUG** [object Map]
[2019-03-31T12:54:16.565] [INFO] MAIN - [ninitebot-testing]:NiniteBot#3389 - Please connect to a voice channel
[2019-03-31T12:54:25.049] [INFO] MAIN - [ninitebot-testing]:NiniteGamer#6666 - !play Hello
[2019-03-31T12:54:25.051] [INFO] Play_CMD - NiniteGamer#6666 has ran the !play command on guild NiniteBot, with the args of Hello
[2019-03-31T12:54:25.051] [DEBUG] Play_CMD - **DEBUG** [object Map]
[2019-03-31T12:54:27.440] [INFO] MAIN - [ninitebot-testing]:NiniteBot#3389 - **[1]:** `Adele - Hello`
**[2]:** `Ugly God - Hello ft. Lil Pump (OFFICIAL LYRIC VIDEO)`
**[3]:** `Lionel Richie - Hello`
**[4]:** `Adele - Hello (Official Lyrics Video) HD`
**[5]:** `Kes - Hello (Folklore Riddim) "2018 Soca" [AdvoKit Productions x Julianspromos]`
**[6]:** `OMFG - Hello`
**[7]:** `LIONEL RICHIE - HELLO LYRICS`
**[8]:** `HELLO NEIGHBOR NIGHTMARE DOORS OF DEATH! ALPHA 4 DOUBLE JUMP Mini Game w/ Red & Green Key FGTEEV #3`
**[9]:** `Martin Solveig & Dragonette - Hello (Official Short Video Version HD)`
**[10]:** `I just came to say hello lyrics HD`

**Choose a number between** `1-10`
[2019-03-31T12:54:43.111] [INFO] MAIN - [ninitebot-testing]:NiniteGamer#6666 - 3
[2019-03-31T12:54:43.120] [INFO] Play_CMD - NiniteGamer#6666 has ran the !play command on guild NiniteBot, with the args of /watch?v=PDZcqBgCS74
[2019-03-31T12:54:43.120] [DEBUG] Play_CMD - **DEBUG** [object Map]
